[20:24:45.462] Global cache location '/home/phil/.cache/typescript/3.9', safe file path '/home/phil/code/phaserCordovaClock/node_modules/typescript/lib/typingSafeList.json', types map path /home/phil/code/phaserCordovaClock/node_modules/typescript/lib/typesMap.json
[20:24:45.464] Processing cache location '/home/phil/.cache/typescript/3.9'
[20:24:45.464] Trying to find '/home/phil/.cache/typescript/3.9/package.json'...
[20:24:45.475] Loaded content of '/home/phil/.cache/typescript/3.9/package.json': {"private":true,"dependencies":{"types-registry":"^0.1.505"},"devDependencies":{"@types/copy-webpack-plugin":"^6.0.0","@types/dotenv-defaults":"^2.0.0","@types/dotenv-webpack":"^1.8.0","@types/inherits":"0.0.30","@types/webpack-shell-plugin":"^0.5.0"}}
[20:24:45.475] Loaded content of '/home/phil/.cache/typescript/3.9/package-lock.json'
[20:24:45.509] Adding entry into typings cache: 'copy-webpack-plugin' => '/home/phil/.cache/typescript/3.9/node_modules/@types/copy-webpack-plugin/index.d.ts'
[20:24:45.516] Adding entry into typings cache: 'dotenv-defaults' => '/home/phil/.cache/typescript/3.9/node_modules/@types/dotenv-defaults/index.d.ts'
[20:24:45.523] Adding entry into typings cache: 'dotenv-webpack' => '/home/phil/.cache/typescript/3.9/node_modules/@types/dotenv-webpack/index.d.ts'
[20:24:45.529] Adding entry into typings cache: 'inherits' => '/home/phil/.cache/typescript/3.9/node_modules/@types/inherits/index.d.ts'
[20:24:45.535] Adding entry into typings cache: 'webpack-shell-plugin' => '/home/phil/.cache/typescript/3.9/node_modules/@types/webpack-shell-plugin/index.d.ts'
[20:24:45.535] Finished processing cache location '/home/phil/.cache/typescript/3.9'
[20:24:45.536] Process id: 1958
[20:24:45.536] NPM location: /usr/local/bin/npm (explicit '--npmLocation' not  provided)
[20:24:45.536] validateDefaultNpmLocation: false
[20:24:45.537] Npm config file: /home/phil/.cache/typescript/3.9/package.json
[20:24:45.537] Updating types-registry npm package...
[20:24:45.537] Exec: /usr/local/bin/npm install --ignore-scripts types-registry@latest
[20:24:50.49]     Succeeded. stdout:
    + types-registry@0.1.505
    updated 1 package and audited 16 packages in 1.736s
found 0 vulnerabilities


[20:24:50.49] Updated types-registry npm package
