[1:10:25.171] Global cache location '/home/phil/.cache/typescript/3.9', safe file path '/home/phil/code/phaserCordovaClock/node_modules/typescript/lib/typingSafeList.json', types map path /home/phil/code/phaserCordovaClock/node_modules/typescript/lib/typesMap.json
[1:10:25.173] Processing cache location '/home/phil/.cache/typescript/3.9'
[1:10:25.174] Trying to find '/home/phil/.cache/typescript/3.9/package.json'...
[1:10:25.184] Loaded content of '/home/phil/.cache/typescript/3.9/package.json': {"private":true,"dependencies":{"types-registry":"^0.1.505"},"devDependencies":{"@types/copy-webpack-plugin":"^6.0.0","@types/dotenv-defaults":"^2.0.0","@types/dotenv-webpack":"^1.8.0","@types/inherits":"0.0.30","@types/webpack-shell-plugin":"^0.5.0"}}
[1:10:25.184] Loaded content of '/home/phil/.cache/typescript/3.9/package-lock.json'
[1:10:25.227] Adding entry into typings cache: 'copy-webpack-plugin' => '/home/phil/.cache/typescript/3.9/node_modules/@types/copy-webpack-plugin/index.d.ts'
[1:10:25.237] Adding entry into typings cache: 'dotenv-defaults' => '/home/phil/.cache/typescript/3.9/node_modules/@types/dotenv-defaults/index.d.ts'
[1:10:25.243] Adding entry into typings cache: 'dotenv-webpack' => '/home/phil/.cache/typescript/3.9/node_modules/@types/dotenv-webpack/index.d.ts'
[1:10:25.255] Adding entry into typings cache: 'inherits' => '/home/phil/.cache/typescript/3.9/node_modules/@types/inherits/index.d.ts'
[1:10:25.269] Adding entry into typings cache: 'webpack-shell-plugin' => '/home/phil/.cache/typescript/3.9/node_modules/@types/webpack-shell-plugin/index.d.ts'
[1:10:25.269] Finished processing cache location '/home/phil/.cache/typescript/3.9'
[1:10:25.270] Process id: 2765
[1:10:25.270] NPM location: /usr/local/bin/npm (explicit '--npmLocation' not  provided)
[1:10:25.270] validateDefaultNpmLocation: false
[1:10:25.270] Npm config file: /home/phil/.cache/typescript/3.9/package.json
[1:10:25.270] Updating types-registry npm package...
[1:10:25.271] Exec: /usr/local/bin/npm install --ignore-scripts types-registry@latest
[1:10:29.684]     Succeeded. stdout:
    + types-registry@0.1.505
    updated 1 package and audited 16 packages in 1.568s
found 0 vulnerabilities


[1:10:29.684] Updated types-registry npm package
