[10:21:4.842] Global cache location '/home/phil/.cache/typescript/3.9', safe file path '/home/phil/code/phaserCordovaClock/node_modules/typescript/lib/typingSafeList.json', types map path /home/phil/code/phaserCordovaClock/node_modules/typescript/lib/typesMap.json
[10:21:4.844] Processing cache location '/home/phil/.cache/typescript/3.9'
[10:21:4.845] Trying to find '/home/phil/.cache/typescript/3.9/package.json'...
[10:21:4.847] Loaded content of '/home/phil/.cache/typescript/3.9/package.json': {"private":true,"dependencies":{"types-registry":"^0.1.505"},"devDependencies":{"@types/copy-webpack-plugin":"^6.0.0","@types/dotenv-defaults":"^2.0.0","@types/dotenv-webpack":"^1.8.0","@types/inherits":"0.0.30","@types/webpack-shell-plugin":"^0.5.0"}}
[10:21:4.847] Loaded content of '/home/phil/.cache/typescript/3.9/package-lock.json'
[10:21:4.954] Adding entry into typings cache: 'copy-webpack-plugin' => '/home/phil/.cache/typescript/3.9/node_modules/@types/copy-webpack-plugin/index.d.ts'
[10:21:4.964] Adding entry into typings cache: 'dotenv-defaults' => '/home/phil/.cache/typescript/3.9/node_modules/@types/dotenv-defaults/index.d.ts'
[10:21:4.977] Adding entry into typings cache: 'dotenv-webpack' => '/home/phil/.cache/typescript/3.9/node_modules/@types/dotenv-webpack/index.d.ts'
[10:21:4.994] Adding entry into typings cache: 'inherits' => '/home/phil/.cache/typescript/3.9/node_modules/@types/inherits/index.d.ts'
[10:21:5.42] Adding entry into typings cache: 'webpack-shell-plugin' => '/home/phil/.cache/typescript/3.9/node_modules/@types/webpack-shell-plugin/index.d.ts'
[10:21:5.42] Finished processing cache location '/home/phil/.cache/typescript/3.9'
[10:21:5.43] Process id: 2917
[10:21:5.43] NPM location: /usr/local/bin/npm (explicit '--npmLocation' not  provided)
[10:21:5.43] validateDefaultNpmLocation: false
[10:21:5.43] Npm config file: /home/phil/.cache/typescript/3.9/package.json
[10:21:5.44] Updating types-registry npm package...
[10:21:5.44] Exec: /usr/local/bin/npm install --ignore-scripts types-registry@latest
[10:21:9.721]     Succeeded. stdout:
    + types-registry@0.1.505
    updated 1 package and audited 16 packages in 1.866s
found 0 vulnerabilities


[10:21:9.722] Updated types-registry npm package
