[15:58:37.764] Global cache location '/home/phil/.cache/typescript/3.9', safe file path '/home/phil/code/phaserCordovaClock/node_modules/typescript/lib/typingSafeList.json', types map path /home/phil/code/phaserCordovaClock/node_modules/typescript/lib/typesMap.json
[15:58:37.771] Processing cache location '/home/phil/.cache/typescript/3.9'
[15:58:37.772] Trying to find '/home/phil/.cache/typescript/3.9/package.json'...
[15:58:37.775] Loaded content of '/home/phil/.cache/typescript/3.9/package.json': {"private":true,"dependencies":{"types-registry":"^0.1.505"},"devDependencies":{"@types/copy-webpack-plugin":"^6.0.0","@types/dotenv-defaults":"^2.0.0","@types/dotenv-webpack":"^1.8.0","@types/inherits":"0.0.30","@types/webpack-shell-plugin":"^0.5.0"}}
[15:58:37.775] Loaded content of '/home/phil/.cache/typescript/3.9/package-lock.json'
[15:58:37.922] Adding entry into typings cache: 'copy-webpack-plugin' => '/home/phil/.cache/typescript/3.9/node_modules/@types/copy-webpack-plugin/index.d.ts'
[15:58:37.948] Adding entry into typings cache: 'dotenv-defaults' => '/home/phil/.cache/typescript/3.9/node_modules/@types/dotenv-defaults/index.d.ts'
[15:58:37.976] Adding entry into typings cache: 'dotenv-webpack' => '/home/phil/.cache/typescript/3.9/node_modules/@types/dotenv-webpack/index.d.ts'
[15:58:38.18] Adding entry into typings cache: 'inherits' => '/home/phil/.cache/typescript/3.9/node_modules/@types/inherits/index.d.ts'
[15:58:38.48] Adding entry into typings cache: 'webpack-shell-plugin' => '/home/phil/.cache/typescript/3.9/node_modules/@types/webpack-shell-plugin/index.d.ts'
[15:58:38.48] Finished processing cache location '/home/phil/.cache/typescript/3.9'
[15:58:38.49] Process id: 22554
[15:58:38.49] NPM location: /usr/local/bin/npm (explicit '--npmLocation' not  provided)
[15:58:38.49] validateDefaultNpmLocation: false
[15:58:38.50] Npm config file: /home/phil/.cache/typescript/3.9/package.json
[15:58:38.50] Updating types-registry npm package...
[15:58:38.50] Exec: /usr/local/bin/npm install --ignore-scripts types-registry@latest
[15:58:43.430]     Succeeded. stdout:
    + types-registry@0.1.505
    updated 1 package and audited 16 packages in 2.386s
found 0 vulnerabilities


[15:58:43.430] Updated types-registry npm package
