[10:12:26.287] Global cache location '/home/phil/.cache/typescript/3.9', safe file path '/home/phil/code/phaserCordovaClock/node_modules/typescript/lib/typingSafeList.json', types map path /home/phil/code/phaserCordovaClock/node_modules/typescript/lib/typesMap.json
[10:12:26.289] Processing cache location '/home/phil/.cache/typescript/3.9'
[10:12:26.289] Trying to find '/home/phil/.cache/typescript/3.9/package.json'...
[10:12:26.294] Loaded content of '/home/phil/.cache/typescript/3.9/package.json': {"private":true,"dependencies":{"types-registry":"^0.1.505"},"devDependencies":{"@types/copy-webpack-plugin":"^6.0.0","@types/dotenv-defaults":"^2.0.0","@types/dotenv-webpack":"^1.8.0","@types/inherits":"0.0.30","@types/webpack-shell-plugin":"^0.5.0"}}
[10:12:26.295] Loaded content of '/home/phil/.cache/typescript/3.9/package-lock.json'
[10:12:26.325] Adding entry into typings cache: 'copy-webpack-plugin' => '/home/phil/.cache/typescript/3.9/node_modules/@types/copy-webpack-plugin/index.d.ts'
[10:12:26.332] Adding entry into typings cache: 'dotenv-defaults' => '/home/phil/.cache/typescript/3.9/node_modules/@types/dotenv-defaults/index.d.ts'
[10:12:26.339] Adding entry into typings cache: 'dotenv-webpack' => '/home/phil/.cache/typescript/3.9/node_modules/@types/dotenv-webpack/index.d.ts'
[10:12:26.347] Adding entry into typings cache: 'inherits' => '/home/phil/.cache/typescript/3.9/node_modules/@types/inherits/index.d.ts'
[10:12:26.366] Adding entry into typings cache: 'webpack-shell-plugin' => '/home/phil/.cache/typescript/3.9/node_modules/@types/webpack-shell-plugin/index.d.ts'
[10:12:26.366] Finished processing cache location '/home/phil/.cache/typescript/3.9'
[10:12:26.367] Process id: 2244
[10:12:26.367] NPM location: /usr/local/bin/npm (explicit '--npmLocation' not  provided)
[10:12:26.367] validateDefaultNpmLocation: false
[10:12:26.367] Npm config file: /home/phil/.cache/typescript/3.9/package.json
[10:12:26.367] Updating types-registry npm package...
[10:12:26.368] Exec: /usr/local/bin/npm install --ignore-scripts types-registry@latest
[10:12:29.544]     Succeeded. stdout:
    + types-registry@0.1.505
    updated 1 package and audited 16 packages in 1.215s
found 0 vulnerabilities


[10:12:29.545] Updated types-registry npm package
