[21:5:46.547] Global cache location '/home/phil/.cache/typescript/3.9', safe file path '/home/phil/code/phaserCordovaClock/node_modules/typescript/lib/typingSafeList.json', types map path /home/phil/code/phaserCordovaClock/node_modules/typescript/lib/typesMap.json
[21:5:46.549] Processing cache location '/home/phil/.cache/typescript/3.9'
[21:5:46.549] Trying to find '/home/phil/.cache/typescript/3.9/package.json'...
[21:5:46.559] Loaded content of '/home/phil/.cache/typescript/3.9/package.json': {"private":true,"dependencies":{"types-registry":"^0.1.505"},"devDependencies":{"@types/copy-webpack-plugin":"^6.0.0","@types/dotenv-defaults":"^2.0.0","@types/dotenv-webpack":"^1.8.0","@types/inherits":"0.0.30","@types/webpack-shell-plugin":"^0.5.0"}}
[21:5:46.560] Loaded content of '/home/phil/.cache/typescript/3.9/package-lock.json'
[21:5:46.612] Adding entry into typings cache: 'copy-webpack-plugin' => '/home/phil/.cache/typescript/3.9/node_modules/@types/copy-webpack-plugin/index.d.ts'
[21:5:46.628] Adding entry into typings cache: 'dotenv-defaults' => '/home/phil/.cache/typescript/3.9/node_modules/@types/dotenv-defaults/index.d.ts'
[21:5:46.641] Adding entry into typings cache: 'dotenv-webpack' => '/home/phil/.cache/typescript/3.9/node_modules/@types/dotenv-webpack/index.d.ts'
[21:5:46.660] Adding entry into typings cache: 'inherits' => '/home/phil/.cache/typescript/3.9/node_modules/@types/inherits/index.d.ts'
[21:5:46.671] Adding entry into typings cache: 'webpack-shell-plugin' => '/home/phil/.cache/typescript/3.9/node_modules/@types/webpack-shell-plugin/index.d.ts'
[21:5:46.671] Finished processing cache location '/home/phil/.cache/typescript/3.9'
[21:5:46.676] Process id: 2535
[21:5:46.676] NPM location: /usr/local/bin/npm (explicit '--npmLocation' not  provided)
[21:5:46.677] validateDefaultNpmLocation: false
[21:5:46.677] Npm config file: /home/phil/.cache/typescript/3.9/package.json
[21:5:46.677] Updating types-registry npm package...
[21:5:46.677] Exec: /usr/local/bin/npm install --ignore-scripts types-registry@latest
[21:5:52.16]     Succeeded. stdout:
    + types-registry@0.1.505
    updated 1 package and audited 16 packages in 2.578s
found 0 vulnerabilities


[21:5:52.16] Updated types-registry npm package
