[16:30:9.102] Global cache location '/home/phil/.cache/typescript/3.9', safe file path '/home/phil/code/phaserCordovaClock/node_modules/typescript/lib/typingSafeList.json', types map path /home/phil/code/phaserCordovaClock/node_modules/typescript/lib/typesMap.json
[16:30:9.111] Processing cache location '/home/phil/.cache/typescript/3.9'
[16:30:9.111] Trying to find '/home/phil/.cache/typescript/3.9/package.json'...
[16:30:9.119] Loaded content of '/home/phil/.cache/typescript/3.9/package.json': {"private":true,"dependencies":{"types-registry":"^0.1.505"},"devDependencies":{"@types/copy-webpack-plugin":"^6.0.0","@types/dotenv-defaults":"^2.0.0","@types/dotenv-webpack":"^1.8.0","@types/inherits":"0.0.30","@types/webpack-shell-plugin":"^0.5.0"}}
[16:30:9.119] Loaded content of '/home/phil/.cache/typescript/3.9/package-lock.json'
[16:30:9.170] Adding entry into typings cache: 'copy-webpack-plugin' => '/home/phil/.cache/typescript/3.9/node_modules/@types/copy-webpack-plugin/index.d.ts'
[16:30:9.188] Adding entry into typings cache: 'dotenv-defaults' => '/home/phil/.cache/typescript/3.9/node_modules/@types/dotenv-defaults/index.d.ts'
[16:30:9.194] Adding entry into typings cache: 'dotenv-webpack' => '/home/phil/.cache/typescript/3.9/node_modules/@types/dotenv-webpack/index.d.ts'
[16:30:9.219] Adding entry into typings cache: 'inherits' => '/home/phil/.cache/typescript/3.9/node_modules/@types/inherits/index.d.ts'
[16:30:9.231] Adding entry into typings cache: 'webpack-shell-plugin' => '/home/phil/.cache/typescript/3.9/node_modules/@types/webpack-shell-plugin/index.d.ts'
[16:30:9.232] Finished processing cache location '/home/phil/.cache/typescript/3.9'
[16:30:9.232] Process id: 3683
[16:30:9.232] NPM location: /usr/local/bin/npm (explicit '--npmLocation' not  provided)
[16:30:9.232] validateDefaultNpmLocation: false
[16:30:9.233] Npm config file: /home/phil/.cache/typescript/3.9/package.json
[16:30:9.233] Updating types-registry npm package...
[16:30:9.234] Exec: /usr/local/bin/npm install --ignore-scripts types-registry@latest
[16:30:12.920]     Succeeded. stdout:
    + types-registry@0.1.505
    updated 1 package and audited 16 packages in 1.422s
found 0 vulnerabilities


[16:30:12.921] Updated types-registry npm package
