[9:53:8.290] Global cache location '/home/phil/.cache/typescript/3.9', safe file path '/home/phil/code/phaserCordovaClock/node_modules/typescript/lib/typingSafeList.json', types map path /home/phil/code/phaserCordovaClock/node_modules/typescript/lib/typesMap.json
[9:53:8.292] Processing cache location '/home/phil/.cache/typescript/3.9'
[9:53:8.292] Trying to find '/home/phil/.cache/typescript/3.9/package.json'...
[9:53:8.295] Loaded content of '/home/phil/.cache/typescript/3.9/package.json': {"private":true,"dependencies":{"types-registry":"^0.1.505"},"devDependencies":{"@types/copy-webpack-plugin":"^6.0.0","@types/dotenv-defaults":"^2.0.0","@types/dotenv-webpack":"^1.8.0","@types/inherits":"0.0.30","@types/webpack-shell-plugin":"^0.5.0"}}
[9:53:8.295] Loaded content of '/home/phil/.cache/typescript/3.9/package-lock.json'
[9:53:8.328] Adding entry into typings cache: 'copy-webpack-plugin' => '/home/phil/.cache/typescript/3.9/node_modules/@types/copy-webpack-plugin/index.d.ts'
[9:53:8.340] Adding entry into typings cache: 'dotenv-defaults' => '/home/phil/.cache/typescript/3.9/node_modules/@types/dotenv-defaults/index.d.ts'
[9:53:8.346] Adding entry into typings cache: 'dotenv-webpack' => '/home/phil/.cache/typescript/3.9/node_modules/@types/dotenv-webpack/index.d.ts'
[9:53:8.355] Adding entry into typings cache: 'inherits' => '/home/phil/.cache/typescript/3.9/node_modules/@types/inherits/index.d.ts'
[9:53:8.364] Adding entry into typings cache: 'webpack-shell-plugin' => '/home/phil/.cache/typescript/3.9/node_modules/@types/webpack-shell-plugin/index.d.ts'
[9:53:8.364] Finished processing cache location '/home/phil/.cache/typescript/3.9'
[9:53:8.365] Process id: 4715
[9:53:8.365] NPM location: /usr/local/bin/npm (explicit '--npmLocation' not  provided)
[9:53:8.365] validateDefaultNpmLocation: false
[9:53:8.365] Npm config file: /home/phil/.cache/typescript/3.9/package.json
[9:53:8.366] Updating types-registry npm package...
[9:53:8.366] Exec: /usr/local/bin/npm install --ignore-scripts types-registry@latest
[9:53:11.705]     Succeeded. stdout:
    + types-registry@0.1.505
    updated 1 package and audited 16 packages in 1.37s
found 0 vulnerabilities


[9:53:11.705] Updated types-registry npm package
