Info 0    [10:6:37.897] Starting TS Server
Info 1    [10:6:37.900] Version: 3.9.5
Info 2    [10:6:37.900] Arguments: /usr/local/bin/node /home/phil/code/phaserCordovaClock/node_modules/.bin/tsserver --logFile /home/phil/code/phaserCordovaClock/.log/tsserver.log --logVerbosity info --cancellationPipeName /tmp/dcd4263467e11545f3225cb198249d6e/tscancellation*
Info 3    [10:6:37.901] Platform: linux NodeVersion: 12 CaseSensitive: true
Info 4    [10:6:37.946] Search path: /home/phil/code/phaserCordovaClock/src/scenes
Info 5    [10:6:37.950] For info: /home/phil/code/phaserCordovaClock/src/scenes/morphClockScene.ts :: Config file name: /home/phil/code/phaserCordovaClock/tsconfig.json
Info 6    [10:6:37.950] Opened configuration file /home/phil/code/phaserCordovaClock/tsconfig.json
Info 7    [10:6:38.554] Config: /home/phil/code/phaserCordovaClock/tsconfig.json : {
 "rootNames": [
  "/home/phil/code/phaserCordovaClock/node_modules/cordova-plugin-dialogs/types/index.d.ts",
  "/home/phil/code/phaserCordovaClock/node_modules/cordova-plugin-globalization/types/index.d.ts",
  "/home/phil/code/phaserCordovaClock/node_modules/cordova-plugin-statusbar/types/index.d.ts",
  "/home/phil/code/phaserCordovaClock/src/app.ts",
  "/home/phil/code/phaserCordovaClock/src/assets.ts",
  "/home/phil/code/phaserCordovaClock/src/device.ts",
  "/home/phil/code/phaserCordovaClock/src/globals.d.ts",
  "/home/phil/code/phaserCordovaClock/src/index.ts",
  "/home/phil/code/phaserCordovaClock/src/logger.ts",
  "/home/phil/code/phaserCordovaClock/src/objects/fonts.ts",
  "/home/phil/code/phaserCordovaClock/src/objects/fpsText.ts",
  "/home/phil/code/phaserCordovaClock/src/objects/matrix.ts",
  "/home/phil/code/phaserCordovaClock/src/objects/myTime.ts",
  "/home/phil/code/phaserCordovaClock/src/objects/pathfont.ts",
  "/home/phil/code/phaserCordovaClock/src/objects/phaserLogo.ts",
  "/home/phil/code/phaserCordovaClock/src/objects/tweenGroup.ts",
  "/home/phil/code/phaserCordovaClock/src/objects/tweenGroupSequence.ts",
  "/home/phil/code/phaserCordovaClock/src/pixelui/ComponentBase.ts",
  "/home/phil/code/phaserCordovaClock/src/pixelui/Theme.ts",
  "/home/phil/code/phaserCordovaClock/src/pixelui/Types.ts",
  "/home/phil/code/phaserCordovaClock/src/pixelui/index.ts",
  "/home/phil/code/phaserCordovaClock/src/pixelui/component/Backdrop.ts",
  "/home/phil/code/phaserCordovaClock/src/pixelui/component/Background.ts",
  "/home/phil/code/phaserCordovaClock/src/pixelui/component/Button.ts",
  "/home/phil/code/phaserCordovaClock/src/pixelui/component/DebugInfo.ts",
  "/home/phil/code/phaserCordovaClock/src/pixelui/component/Dialog.ts",
  "/home/phil/code/phaserCordovaClock/src/pixelui/component/LoadingProgress.ts",
  "/home/phil/code/phaserCordovaClock/src/pixelui/component/TextLabel.ts",
  "/home/phil/code/phaserCordovaClock/src/pixelui/component/Toast.ts",
  "/home/phil/code/phaserCordovaClock/src/pixelui/component/ToggleButton.ts",
  "/home/phil/code/phaserCordovaClock/src/scenes/BootScene.ts",
  "/home/phil/code/phaserCordovaClock/src/scenes/PreloadScene.ts",
  "/home/phil/code/phaserCordovaClock/src/scenes/TitleScene.ts",
  "/home/phil/code/phaserCordovaClock/src/scenes/clockFadeScene.ts",
  "/home/phil/code/phaserCordovaClock/src/scenes/morphClockScene.ts",
  "/home/phil/code/phaserCordovaClock/src/utils/AdBanner.ts",
  "/home/phil/code/phaserCordovaClock/src/utils/AdInterstitial.ts",
  "/home/phil/code/phaserCordovaClock/src/utils/AssetLoader.ts",
  "/home/phil/code/phaserCordovaClock/src/utils/BgmPlayer.ts",
  "/home/phil/code/phaserCordovaClock/src/utils/GameService.ts",
  "/home/phil/code/phaserCordovaClock/src/utils/LocalStorage.ts",
  "/home/phil/code/phaserCordovaClock/src/utils/Tracking.ts",
  "/home/phil/code/phaserCordovaClock/types/cordova/index.d.ts",
  "/home/phil/code/phaserCordovaClock/types/cordova-plugin-appversion/appversion.d.ts",
  "/home/phil/code/phaserCordovaClock/types/cordova-plugin-native-spinner/spinner.d.ts",
  "/home/phil/code/phaserCordovaClock/types/lycwed-cordova-plugin-admob-free/AdMob.d.ts",
  "/home/phil/code/phaserCordovaClock/types/lycwed-cordova-plugin-games-services/GamesServices.d.ts",
  "/home/phil/code/phaserCordovaClock/test/test.spec.ts",
  "/home/phil/code/phaserCordovaClock/plugins/cordova-plugin-dialogs/types/index.d.ts",
  "/home/phil/code/phaserCordovaClock/plugins/cordova-plugin-globalization/types/index.d.ts",
  "/home/phil/code/phaserCordovaClock/plugins/cordova-plugin-splashscreen/types/index.d.ts",
  "/home/phil/code/phaserCordovaClock/plugins/cordova-plugin-statusbar/types/index.d.ts",
  "/home/phil/code/phaserCordovaClock/plugins/talisman-cordova-plugin-powermanagement/types/index.d.ts"
 ],
 "options": {
  "module": 99,
  "moduleResolution": 2,
  "esModuleInterop": true,
  "emitDecoratorMetadata": true,
  "experimentalDecorators": true,
  "importHelpers": true,
  "target": 2,
  "typeRoots": [
   "/home/phil/code/phaserCordovaClock/node_modules/@types"
  ],
  "baseUrl": "/home/phil/code/phaserCordovaClock",
  "paths": {
   "@/*": [
    "src/*"
   ]
  },
  "lib": [
   "lib.es2018.d.ts",
   "lib.dom.d.ts"
  ],
  "sourceMap": true,
  "configFilePath": "/home/phil/code/phaserCordovaClock/tsconfig.json"
 }
}
Info 8    [10:6:40.348] Starting updateGraphWorker: Project: /home/phil/code/phaserCordovaClock/tsconfig.json
Info 9    [10:6:50.630] Finishing updateGraphWorker: Project: /home/phil/code/phaserCordovaClock/tsconfig.json Version: 1 structureChanged: true Elapsed: 10282ms
Info 10   [10:6:50.630] Project '/home/phil/code/phaserCordovaClock/tsconfig.json' (Configured)
Info 11   [10:6:50.631] 	Files (135)

Info 12   [10:6:50.631] -----------------------------------------------
Info 13   [10:10:39.513] DirectoryWatcher:: Triggered with /home/phil/code/phaserCordovaClock/4913 :: WatchInfo: /home/phil/code/phaserCordovaClock 0 undefined Project: /home/phil/code/phaserCordovaClock/tsconfig.json WatchType: Failed Lookup Locations
Info 14   [10:10:39.516] Elapsed:: 2ms DirectoryWatcher:: Triggered with /home/phil/code/phaserCordovaClock/4913 :: WatchInfo: /home/phil/code/phaserCordovaClock 0 undefined Project: /home/phil/code/phaserCordovaClock/tsconfig.json WatchType: Failed Lookup Locations
Info 15   [10:10:39.516] DirectoryWatcher:: Triggered with /home/phil/code/phaserCordovaClock/4913 :: WatchInfo: /home/phil/code/phaserCordovaClock 0 undefined Project: /home/phil/code/phaserCordovaClock/tsconfig.json WatchType: Failed Lookup Locations
Info 16   [10:10:39.516] Elapsed:: 0ms DirectoryWatcher:: Triggered with /home/phil/code/phaserCordovaClock/4913 :: WatchInfo: /home/phil/code/phaserCordovaClock 0 undefined Project: /home/phil/code/phaserCordovaClock/tsconfig.json WatchType: Failed Lookup Locations
Info 17   [10:10:39.517] DirectoryWatcher:: Triggered with /home/phil/code/phaserCordovaClock/.gitignore :: WatchInfo: /home/phil/code/phaserCordovaClock 0 undefined Project: /home/phil/code/phaserCordovaClock/tsconfig.json WatchType: Failed Lookup Locations
Info 18   [10:10:39.517] Elapsed:: 0ms DirectoryWatcher:: Triggered with /home/phil/code/phaserCordovaClock/.gitignore :: WatchInfo: /home/phil/code/phaserCordovaClock 0 undefined Project: /home/phil/code/phaserCordovaClock/tsconfig.json WatchType: Failed Lookup Locations
Info 19   [10:10:39.517] DirectoryWatcher:: Triggered with /home/phil/code/phaserCordovaClock/.gitignore :: WatchInfo: /home/phil/code/phaserCordovaClock 0 undefined Project: /home/phil/code/phaserCordovaClock/tsconfig.json WatchType: Failed Lookup Locations
Info 20   [10:10:39.517] Elapsed:: 0ms DirectoryWatcher:: Triggered with /home/phil/code/phaserCordovaClock/.gitignore :: WatchInfo: /home/phil/code/phaserCordovaClock 0 undefined Project: /home/phil/code/phaserCordovaClock/tsconfig.json WatchType: Failed Lookup Locations
Info 21   [10:14:30.19] DirectoryWatcher:: Triggered with /home/phil/code/phaserCordovaClock/4913 :: WatchInfo: /home/phil/code/phaserCordovaClock 0 undefined Project: /home/phil/code/phaserCordovaClock/tsconfig.json WatchType: Failed Lookup Locations
Info 22   [10:14:30.20] Elapsed:: 1ms DirectoryWatcher:: Triggered with /home/phil/code/phaserCordovaClock/4913 :: WatchInfo: /home/phil/code/phaserCordovaClock 0 undefined Project: /home/phil/code/phaserCordovaClock/tsconfig.json WatchType: Failed Lookup Locations
Info 23   [10:14:30.20] DirectoryWatcher:: Triggered with /home/phil/code/phaserCordovaClock/4913 :: WatchInfo: /home/phil/code/phaserCordovaClock 0 undefined Project: /home/phil/code/phaserCordovaClock/tsconfig.json WatchType: Failed Lookup Locations
Info 24   [10:14:30.21] Elapsed:: 1ms DirectoryWatcher:: Triggered with /home/phil/code/phaserCordovaClock/4913 :: WatchInfo: /home/phil/code/phaserCordovaClock 0 undefined Project: /home/phil/code/phaserCordovaClock/tsconfig.json WatchType: Failed Lookup Locations
Info 25   [10:14:30.21] DirectoryWatcher:: Triggered with /home/phil/code/phaserCordovaClock/.gitignore :: WatchInfo: /home/phil/code/phaserCordovaClock 0 undefined Project: /home/phil/code/phaserCordovaClock/tsconfig.json WatchType: Failed Lookup Locations
Info 26   [10:14:30.21] Elapsed:: 0ms DirectoryWatcher:: Triggered with /home/phil/code/phaserCordovaClock/.gitignore :: WatchInfo: /home/phil/code/phaserCordovaClock 0 undefined Project: /home/phil/code/phaserCordovaClock/tsconfig.json WatchType: Failed Lookup Locations
Info 27   [10:14:30.21] DirectoryWatcher:: Triggered with /home/phil/code/phaserCordovaClock/.gitignore :: WatchInfo: /home/phil/code/phaserCordovaClock 0 undefined Project: /home/phil/code/phaserCordovaClock/tsconfig.json WatchType: Failed Lookup Locations
Info 28   [10:14:30.21] Elapsed:: 0ms DirectoryWatcher:: Triggered with /home/phil/code/phaserCordovaClock/.gitignore :: WatchInfo: /home/phil/code/phaserCordovaClock 0 undefined Project: /home/phil/code/phaserCordovaClock/tsconfig.json WatchType: Failed Lookup Locations
